24/11/16 01:54:10 AM | error loadView general | products_fe | response 200
24/11/16 01:55:38 AM | error loadView general | products_fe | response 200
24/11/16 01:56:04 AM | error loadView general | products_fe | response 200
24/11/16 01:57:28 AM | error loadView general | products_fe | response 200
24/11/16 01:57:45 AM | error loadView general | products_fe | response 200
24/11/16 02:17:48 AM | error loadView general | products_fe | response 200
24/11/16 02:20:09 AM | error loadView general | products_fe | response 200
24/11/16 02:20:11 AM | error loadView general | products_fe | response 200
24/11/16 02:21:08 AM | error loadView general | products_fe | response 200
24/11/16 02:21:16 AM | error loadView general | products_fe | response 200
24/11/16 02:21:48 AM | error loadView general | products_fe | response 200
24/11/16 02:23:24 AM | error loadView general | products_fe | response 200
24/11/16 02:24:13 AM | error loadView general | products_fe | response 200
24/11/16 02:28:07 AM | error loadView general | products_fe | response 200
24/11/16 02:28:11 AM | error loadView general | products_fe | response 200
24/11/16 02:28:39 AM | error loadView general | products_fe | response 200
24/11/16 02:28:45 AM | error loadView general | products_fe | response 200
24/11/16 02:30:00 AM | error loadView general | products_fe | response 200
24/11/16 02:32:18 AM | error loadView general | products_fe/list_products/modules/products_fe/view | response 200
24/11/16 02:32:18 AM | error loadView general | products_fe/list_products | response 200
24/11/16 02:32:18 AM | error loadView general | products_fe/list_products | response 200
24/11/16 02:38:41 AM | ERROR: [4096] Object of class mysqli_result could not be converted to string
Unknown Error on line 68 in file /var/www/osotemi_web/modules/products_fe/model/DAO/products_fe_dao.class.singleton.php
 | products_fe | response 200
24/11/16 02:45:42 AM | error loadView general | products_fe/list_products/modules/products_fe/view | response 200
24/11/16 02:45:42 AM | error loadView general | products_fe/list_products | response 200
24/11/16 02:45:42 AM | error loadView general | products_fe/list_products | response 200
24/11/16 02:47:11 AM | error loadView general | products_fe/list_products/modules/products_fe/view | response 200
24/11/16 02:47:11 AM | error loadView general | products_fe/list_products | response 200
24/11/16 02:47:11 AM | error loadView general | products_fe/list_products | response 200
24/11/16 02:48:17 AM | error loadView general | products_fe/list_products/modules/products_fe/view | response 200
24/11/16 02:48:17 AM | error loadView general | products_fe/list_products | response 200
24/11/16 02:48:17 AM | error loadView general | products_fe/list_products | response 200
24/11/16 03:00:53 AM | error loadView general | products_fe/list_products/modules/products_fe/view | response 200
24/11/16 03:00:53 AM | error loadView general | products_fe/list_products | response 200
24/11/16 03:00:53 AM | error loadView general | products_fe/list_products | response 200
24/11/16 03:00:53 AM | error loadView general | products_fe/list_products | response 200
24/11/16 06:34:33 AM | error loadView general | products_fe/list_products/modules/products_fe/view | response 200
24/11/16 06:34:33 AM | error loadView general | var/www/osotemi_web/media | response 200
24/11/16 06:34:33 AM | error loadView general | var/www/osotemi_web/media | response 200
24/11/16 06:34:33 AM | error loadView general | var/www/osotemi_web/media | response 200
24/11/16 06:35:28 AM | error loadView general | products_fe/list_products/modules/products_fe/view | response 200
24/11/16 06:35:46 AM | error loadView general | products_fe/list_products/modules/products_fe/view | response 200
24/11/16 06:35:51 AM | error loadView general | products_fe/list_products/modules/products_fe/view | response 200
24/11/16 06:37:22 AM | error loadView general | products_fe | response 200
24/11/16 06:37:38 AM | error loadView general | products_fe | response 200
